<?xml version="1.0" encoding="UTF-8"?>
<!-- Generated by org.testng.reporters.JUnitXMLReporter -->
<testsuite ignored="0" hostname="DESKTOP-D52PHM3" failures="0" tests="7" name="Surefire test" time="65.302" errors="0" timestamp="2023-05-17T02:00:10 MSK">
  <testcase classname="com.it_academy.onliner.test.web.ProductPagesTest" name="testIsElementsDescriptionPresentUnderEachElementsTitle" time="10.354"/>
  <testcase classname="com.it_academy.onliner.test.web.ProductPagesTest" name="testIsElementsPresentInAccessoriesSection" time="5.628"/>
  <testcase classname="com.it_academy.onliner.test.web.ProductPagesTest" name="testIsFullDescriptionOfEachProductExists" time="12.403"/>
  <testcase classname="com.it_academy.onliner.test.web.ProductPagesTest" name="testIsSchemaFilterExist" time="10.658"/>
  <testcase classname="com.it_academy.onliner.test.web.ProductPagesTest" name="testIsSectionsTitlesExists" time="2.702"/>
  <testcase classname="com.it_academy.onliner.test.web.ProductPagesTest" name="testIsTitlesOfFooterExist" time="0.248"/>
  <testcase classname="com.it_academy.onliner.test.web.ProductPagesTest" name="testIsVerticalListOfSpecifiedSectionsExists" time="6.615"/>
</testsuite> <!-- Surefire test -->
