<?xml version="1.0" encoding="UTF-8"?>
<!-- Generated by org.testng.reporters.JUnitXMLReporter -->
<testsuite ignored="0" hostname="DESKTOP-D52PHM3" failures="0" tests="8" name="Surefire test" time="67.669" errors="0" timestamp="2023-05-21T21:37:14 MSK">
  <testcase classname="com.it_academy.onliner.test.web.ProductPagesTest" name="testIsElementsDescriptionPresentUnderEachElementsTitle" time="9.225"/>
  <testcase classname="com.it_academy.onliner.test.web.ProductPagesTest" name="testIsElementsPresentInAccessoriesSection" time="3.742"/>
  <testcase classname="com.it_academy.onliner.test.web.ProductPagesTest" name="testIsFullDescriptionOfEachProductExists" time="13.875"/>
  <testcase classname="com.it_academy.onliner.test.web.ProductPagesTest" name="testIsSchemaFilterExist" time="11.83"/>
  <testcase classname="com.it_academy.onliner.test.web.ProductPagesTest" name="testIsSectionsTitlesExists" time="2.376"/>
  <testcase classname="com.it_academy.onliner.test.web.ProductPagesTest" name="testIsTitlesOfFooterExist" time="0.285"/>
  <testcase classname="com.it_academy.onliner.test.web.ProductPagesTest" name="testIsVerticalListOfSpecifiedSectionsExists" time="6.33"/>
  <testcase classname="com.it_academy.onliner.test.web.ProductPagesTest" name="voidTestLogs" time="0.011"/>
</testsuite> <!-- Surefire test -->
